{"name": "YWPD-TC-336 - Verify that the user is able to automate SWM Policies successfully with web small -- @1.1 ", "status": "broken", "statusDetails": {"message": "selenium.common.exceptions.NoSuchElementException: Message: no such element: Unable to locate element: {\"method\":\"xpath\",\"selector\":\"(//option[@value='POSTBAKE_A_4670'][normalize-space()='POSTBAKE_A_4670'])[2]\"}\n  (Session info: chrome=126.0.6478.127); For documentation on this error, please visit: https://www.selenium.dev/documentation/webdriver/troubleshooting/errors#no-such-element-exception\nStacktrace:\n\tGetHandleVerifier [0x00007FF64EFDEEA2+31554]\n\t(No symbol) [0x00007FF64EF57ED9]\n\t(No symbol) [0x00007FF64EE1872A]\n\t(No symbol) [0x00007FF64EE68434]\n\t(No symbol) [0x00007FF64EE6853C]\n\t(No symbol) [0x00007FF64EEAF6A7]\n\t(No symbol) [0x00007FF64EE8D06F]\n\t(No symbol) [0x00007FF64EEAC977]\n\t(No symbol) [0x00007FF64EE8CDD3]\n\t(No symbol) [0x00007FF64EE5A33B]\n\t(No symbol) [0x00007FF64EE5AED1]\n\tGetHandleVerifier [0x00007FF64F2E8B1D+3217341]\n\tGetHandleVerifier [0x00007FF64F335AE3+3532675]\n\tGetHandleVerifier [0x00007FF64F32B0E0+3489152]\n\tGetHandleVerifier [0x00007FF64F08E776+750614]\n\t(No symbol) [0x00007FF64EF6375F]\n\t(No symbol) [0x00007FF64EF5EB14]\n\t(No symbol) [0x00007FF64EF5ECA2]\n\t(No symbol) [0x00007FF64EF4E16F]\n\tBaseThreadInitThunk [0x00007FFEF91F257D+29]\n\tRtlUserThreadStart [0x00007FFEFA90AF28+40]\n\n", "trace": "  File \"\\\\FILESERVER2\\Fileserver2$\\shahbaz.hanif\\Hafiz_Shahbaz_Data\\yieldWerx_Automation_1.0\\venv\\Lib\\site-packages\\behave\\model.py\", line 1329, in run\n    match.run(runner.context)\n  File \"\\\\FILESERVER2\\Fileserver2$\\shahbaz.hanif\\Hafiz_Shahbaz_Data\\yieldWerx_Automation_1.0\\venv\\Lib\\site-packages\\behave\\matchers.py\", line 98, in run\n    self.func(context, *args, **kwargs)\n  File \"features\\steps\\SWMAutomatePolicies.py\", line 56, in step_impl\n    sa.click_target_testprogram(context)\n  File \"N:\\Hafiz_Shahbaz_Data\\yieldWerx_Automation_1.0\\Pages\\SWMAutomatePolicyWindowPage.py\", line 101, in click_target_testprogram\n    context.driver.find_element(By.XPATH, self.target_test_program_xpath).click()\n    ^^^^^^^^^^^^^^^^^^^^^^^^^^^^^^^^^^^^^^^^^^^^^^^^^^^^^^^^^^^^^^^^^^^^^\n  File \"\\\\FILESERVER2\\Fileserver2$\\shahbaz.hanif\\Hafiz_Shahbaz_Data\\yieldWerx_Automation_1.0\\venv\\Lib\\site-packages\\selenium\\webdriver\\remote\\webdriver.py\", line 748, in find_element\n    return self.execute(Command.FIND_ELEMENT, {\"using\": by, \"value\": value})[\"value\"]\n           ^^^^^^^^^^^^^^^^^^^^^^^^^^^^^^^^^^^^^^^^^^^^^^^^^^^^^^^^^^^^^^^^^\n  File \"\\\\FILESERVER2\\Fileserver2$\\shahbaz.hanif\\Hafiz_Shahbaz_Data\\yieldWerx_Automation_1.0\\venv\\Lib\\site-packages\\selenium\\webdriver\\remote\\webdriver.py\", line 354, in execute\n    self.error_handler.check_response(response)\n  File \"\\\\FILESERVER2\\Fileserver2$\\shahbaz.hanif\\Hafiz_Shahbaz_Data\\yieldWerx_Automation_1.0\\venv\\Lib\\site-packages\\selenium\\webdriver\\remote\\errorhandler.py\", line 229, in check_response\n    raise exception_class(message, screen, stacktrace)\n"}, "steps": [{"name": "Given The user is successfully logged in the yieldWerx web application", "status": "passed", "start": 1719832737318, "stop": 1719832753297}, {"name": "When Click on \"SWM\" in the left menu bar", "status": "passed", "start": 1719832753297, "stop": 1719832753353}, {"name": "When Click \"Automate SWM Policies\" and new window will open", "status": "passed", "start": 1719832753353, "stop": 1719832754890}, {"name": "When Click on \"Automate SWM Policy\" and Create Automate SWM Policy window will open", "status": "passed", "start": 1719832754890, "stop": 1719832760068}, {"name": "When Select Source Facility as \"WEB SMALL DATASET\", Source Work Center as \"WAFER SORT\"", "status": "passed", "start": 1719832760068, "stop": 1719832765315}, {"name": "When Select Source Device as \"4670\", Source Test Program as \"PREBAKE_A_4670\"", "status": "passed", "start": 1719832765315, "stop": 1719832765359}, {"name": "When Select the Target Facility as \"WEB SMALL DATASET\", Target Work Center as \"WAFER SORT\"", "status": "passed", "start": 1719832765360, "stop": 1719832769006}, {"name": "When Select Target Device as \"4670\", Target Test Program as \"POSTBAKE_A_4670\"", "status": "broken", "statusDetails": {"message": "selenium.common.exceptions.NoSuchElementException: Message: no such element: Unable to locate element: {\"method\":\"xpath\",\"selector\":\"(//option[@value='POSTBAKE_A_4670'][normalize-space()='POSTBAKE_A_4670'])[2]\"}\n  (Session info: chrome=126.0.6478.127); For documentation on this error, please visit: https://www.selenium.dev/documentation/webdriver/troubleshooting/errors#no-such-element-exception\nStacktrace:\n\tGetHandleVerifier [0x00007FF64EFDEEA2+31554]\n\t(No symbol) [0x00007FF64EF57ED9]\n\t(No symbol) [0x00007FF64EE1872A]\n\t(No symbol) [0x00007FF64EE68434]\n\t(No symbol) [0x00007FF64EE6853C]\n\t(No symbol) [0x00007FF64EEAF6A7]\n\t(No symbol) [0x00007FF64EE8D06F]\n\t(No symbol) [0x00007FF64EEAC977]\n\t(No symbol) [0x00007FF64EE8CDD3]\n\t(No symbol) [0x00007FF64EE5A33B]\n\t(No symbol) [0x00007FF64EE5AED1]\n\tGetHandleVerifier [0x00007FF64F2E8B1D+3217341]\n\tGetHandleVerifier [0x00007FF64F335AE3+3532675]\n\tGetHandleVerifier [0x00007FF64F32B0E0+3489152]\n\tGetHandleVerifier [0x00007FF64F08E776+750614]\n\t(No symbol) [0x00007FF64EF6375F]\n\t(No symbol) [0x00007FF64EF5EB14]\n\t(No symbol) [0x00007FF64EF5ECA2]\n\t(No symbol) [0x00007FF64EF4E16F]\n\tBaseThreadInitThunk [0x00007FFEF91F257D+29]\n\tRtlUserThreadStart [0x00007FFEFA90AF28+40]\n\n", "trace": "  File \"\\\\FILESERVER2\\Fileserver2$\\shahbaz.hanif\\Hafiz_Shahbaz_Data\\yieldWerx_Automation_1.0\\venv\\Lib\\site-packages\\behave\\model.py\", line 1329, in run\n    match.run(runner.context)\n  File \"\\\\FILESERVER2\\Fileserver2$\\shahbaz.hanif\\Hafiz_Shahbaz_Data\\yieldWerx_Automation_1.0\\venv\\Lib\\site-packages\\behave\\matchers.py\", line 98, in run\n    self.func(context, *args, **kwargs)\n  File \"features\\steps\\SWMAutomatePolicies.py\", line 56, in step_impl\n    sa.click_target_testprogram(context)\n  File \"N:\\Hafiz_Shahbaz_Data\\yieldWerx_Automation_1.0\\Pages\\SWMAutomatePolicyWindowPage.py\", line 101, in click_target_testprogram\n    context.driver.find_element(By.XPATH, self.target_test_program_xpath).click()\n    ^^^^^^^^^^^^^^^^^^^^^^^^^^^^^^^^^^^^^^^^^^^^^^^^^^^^^^^^^^^^^^^^^^^^^\n  File \"\\\\FILESERVER2\\Fileserver2$\\shahbaz.hanif\\Hafiz_Shahbaz_Data\\yieldWerx_Automation_1.0\\venv\\Lib\\site-packages\\selenium\\webdriver\\remote\\webdriver.py\", line 748, in find_element\n    return self.execute(Command.FIND_ELEMENT, {\"using\": by, \"value\": value})[\"value\"]\n           ^^^^^^^^^^^^^^^^^^^^^^^^^^^^^^^^^^^^^^^^^^^^^^^^^^^^^^^^^^^^^^^^^\n  File \"\\\\FILESERVER2\\Fileserver2$\\shahbaz.hanif\\Hafiz_Shahbaz_Data\\yieldWerx_Automation_1.0\\venv\\Lib\\site-packages\\selenium\\webdriver\\remote\\webdriver.py\", line 354, in execute\n    self.error_handler.check_response(response)\n  File \"\\\\FILESERVER2\\Fileserver2$\\shahbaz.hanif\\Hafiz_Shahbaz_Data\\yieldWerx_Automation_1.0\\venv\\Lib\\site-packages\\selenium\\webdriver\\remote\\errorhandler.py\", line 229, in check_response\n    raise exception_class(message, screen, stacktrace)\n"}, "attachments": [{"name": "failed_screenshot", "source": "4378995c-7c6c-44ae-8fa7-714278648a10-attachment.png", "type": "image/png"}], "start": 1719832769006, "stop": 1719832769678}, {"name": "When Select policy from Policies as \"4670 Test Program\" section and click on \"Save\" button", "status": "passed", "start": 1719832769715, "stop": 1719832786050}, {"name": "When SWM Policy has been created and displayed in \"Automate SWM Policies\" window", "status": "passed", "start": 1719832786051, "stop": 1719832786114}, {"name": "When Enable check box available infront of each created Automate SWM Policy in Automate SWM Policies window to automate the policy", "status": "passed", "start": 1719832786115, "stop": 1719832787824}, {"name": "Then Verify that the policy will be automated with success message", "status": "passed", "start": 1719832787825, "stop": 1719832792032}, {"name": "Given The user is successfully logged in the yieldWerx web application", "status": "passed", "start": 1719832792032, "stop": 1719832797817}, {"name": "When Click on \"SWM\" in the left menu bar", "status": "passed", "start": 1719832797818, "stop": 1719832797865}, {"name": "When Click \"Automate SWM Policies\" and new window will open", "status": "passed", "start": 1719832797865, "stop": 1719832801509}, {"name": "When Click on \"Automate SWM Policy\" and Create Automate SWM Policy window will open", "status": "broken", "statusDetails": {"message": "selenium.common.exceptions.NoSuchElementException: Message: no such element: Unable to locate element: {\"method\":\"xpath\",\"selector\":\"(//option[@value='POSTBAKE_A_4670'][normalize-space()='POSTBAKE_A_4670'])[2]\"}\n  (Session info: chrome=126.0.6478.127); For documentation on this error, please visit: https://www.selenium.dev/documentation/webdriver/troubleshooting/errors#no-such-element-exception\nStacktrace:\n\tGetHandleVerifier [0x00007FF64EFDEEA2+31554]\n\t(No symbol) [0x00007FF64EF57ED9]\n\t(No symbol) [0x00007FF64EE1872A]\n\t(No symbol) [0x00007FF64EE68434]\n\t(No symbol) [0x00007FF64EE6853C]\n\t(No symbol) [0x00007FF64EEAF6A7]\n\t(No symbol) [0x00007FF64EE8D06F]\n\t(No symbol) [0x00007FF64EEAC977]\n\t(No symbol) [0x00007FF64EE8CDD3]\n\t(No symbol) [0x00007FF64EE5A33B]\n\t(No symbol) [0x00007FF64EE5AED1]\n\tGetHandleVerifier [0x00007FF64F2E8B1D+3217341]\n\tGetHandleVerifier [0x00007FF64F335AE3+3532675]\n\tGetHandleVerifier [0x00007FF64F32B0E0+3489152]\n\tGetHandleVerifier [0x00007FF64F08E776+750614]\n\t(No symbol) [0x00007FF64EF6375F]\n\t(No symbol) [0x00007FF64EF5EB14]\n\t(No symbol) [0x00007FF64EF5ECA2]\n\t(No symbol) [0x00007FF64EF4E16F]\n\tBaseThreadInitThunk [0x00007FFEF91F257D+29]\n\tRtlUserThreadStart [0x00007FFEFA90AF28+40]\n\n", "trace": "  File \"\\\\FILESERVER2\\Fileserver2$\\shahbaz.hanif\\Hafiz_Shahbaz_Data\\yieldWerx_Automation_1.0\\venv\\Lib\\site-packages\\behave\\model.py\", line 1329, in run\n    match.run(runner.context)\n  File \"\\\\FILESERVER2\\Fileserver2$\\shahbaz.hanif\\Hafiz_Shahbaz_Data\\yieldWerx_Automation_1.0\\venv\\Lib\\site-packages\\behave\\matchers.py\", line 98, in run\n    self.func(context, *args, **kwargs)\n  File \"features\\steps\\SWMAutomatePolicies.py\", line 56, in step_impl\n    sa.click_target_testprogram(context)\n  File \"N:\\Hafiz_Shahbaz_Data\\yieldWerx_Automation_1.0\\Pages\\SWMAutomatePolicyWindowPage.py\", line 101, in click_target_testprogram\n    context.driver.find_element(By.XPATH, self.target_test_program_xpath).click()\n    ^^^^^^^^^^^^^^^^^^^^^^^^^^^^^^^^^^^^^^^^^^^^^^^^^^^^^^^^^^^^^^^^^^^^^\n  File \"\\\\FILESERVER2\\Fileserver2$\\shahbaz.hanif\\Hafiz_Shahbaz_Data\\yieldWerx_Automation_1.0\\venv\\Lib\\site-packages\\selenium\\webdriver\\remote\\webdriver.py\", line 748, in find_element\n    return self.execute(Command.FIND_ELEMENT, {\"using\": by, \"value\": value})[\"value\"]\n           ^^^^^^^^^^^^^^^^^^^^^^^^^^^^^^^^^^^^^^^^^^^^^^^^^^^^^^^^^^^^^^^^^\n  File \"\\\\FILESERVER2\\Fileserver2$\\shahbaz.hanif\\Hafiz_Shahbaz_Data\\yieldWerx_Automation_1.0\\venv\\Lib\\site-packages\\selenium\\webdriver\\remote\\webdriver.py\", line 354, in execute\n    self.error_handler.check_response(response)\n  File \"\\\\FILESERVER2\\Fileserver2$\\shahbaz.hanif\\Hafiz_Shahbaz_Data\\yieldWerx_Automation_1.0\\venv\\Lib\\site-packages\\selenium\\webdriver\\remote\\errorhandler.py\", line 229, in check_response\n    raise exception_class(message, screen, stacktrace)\n"}, "attachments": [{"name": "failed_screenshot", "source": "52a79cda-ae86-4ff0-afe8-b3c3b0d2754d-attachment.png", "type": "image/png"}], "start": 1719832803583, "stop": 1719832803842}, {"name": "When Select Source Facility as \"WEB SMALL DATASET\", Source Work Center as \"WAFER SORT\"", "status": "passed", "start": 1719832803884, "stop": 1719832818534}, {"name": "When Select Source Device as \"4670\", Source Test Program as \"PREBAKE_A_4670\"", "status": "passed", "start": 1719832818534, "stop": 1719832818583}, {"name": "When Select the Target Facility as \"WEB SMALL DATASET\", Target Work Center as \"WAFER SORT\"", "status": "passed", "start": 1719832818583, "stop": 1719832819994}, {"name": "When Select Target Device as \"4670\", Target Test Program as \"POSTBAKE_A_4670\"", "status": "passed", "start": 1719832819994, "stop": 1719832823711}, {"name": "When Select policy from Policies as \"4670 Test Program\" section and click on \"Save\" button", "status": "passed", "start": 1719832823711, "stop": 1719832830479}, {"name": "When SWM Policy has been created and displayed in \"Automate SWM Policies\" window", "status": "passed", "start": 1719832830479, "stop": 1719832830529}, {"name": "When Enable check box available infront of each created Automate SWM Policy in Automate SWM Policies window to automate the policy", "status": "passed", "start": 1719832830529, "stop": 1719832834698}, {"name": "Then Verify that the policy will be automated with success message", "status": "broken", "statusDetails": {"message": "selenium.common.exceptions.NoSuchElementException: Message: no such element: Unable to locate element: {\"method\":\"xpath\",\"selector\":\"(//option[@value='POSTBAKE_A_4670'][normalize-space()='POSTBAKE_A_4670'])[2]\"}\n  (Session info: chrome=126.0.6478.127); For documentation on this error, please visit: https://www.selenium.dev/documentation/webdriver/troubleshooting/errors#no-such-element-exception\nStacktrace:\n\tGetHandleVerifier [0x00007FF64EFDEEA2+31554]\n\t(No symbol) [0x00007FF64EF57ED9]\n\t(No symbol) [0x00007FF64EE1872A]\n\t(No symbol) [0x00007FF64EE68434]\n\t(No symbol) [0x00007FF64EE6853C]\n\t(No symbol) [0x00007FF64EEAF6A7]\n\t(No symbol) [0x00007FF64EE8D06F]\n\t(No symbol) [0x00007FF64EEAC977]\n\t(No symbol) [0x00007FF64EE8CDD3]\n\t(No symbol) [0x00007FF64EE5A33B]\n\t(No symbol) [0x00007FF64EE5AED1]\n\tGetHandleVerifier [0x00007FF64F2E8B1D+3217341]\n\tGetHandleVerifier [0x00007FF64F335AE3+3532675]\n\tGetHandleVerifier [0x00007FF64F32B0E0+3489152]\n\tGetHandleVerifier [0x00007FF64F08E776+750614]\n\t(No symbol) [0x00007FF64EF6375F]\n\t(No symbol) [0x00007FF64EF5EB14]\n\t(No symbol) [0x00007FF64EF5ECA2]\n\t(No symbol) [0x00007FF64EF4E16F]\n\tBaseThreadInitThunk [0x00007FFEF91F257D+29]\n\tRtlUserThreadStart [0x00007FFEFA90AF28+40]\n\n", "trace": "  File \"\\\\FILESERVER2\\Fileserver2$\\shahbaz.hanif\\Hafiz_Shahbaz_Data\\yieldWerx_Automation_1.0\\venv\\Lib\\site-packages\\behave\\model.py\", line 1329, in run\n    match.run(runner.context)\n  File \"\\\\FILESERVER2\\Fileserver2$\\shahbaz.hanif\\Hafiz_Shahbaz_Data\\yieldWerx_Automation_1.0\\venv\\Lib\\site-packages\\behave\\matchers.py\", line 98, in run\n    self.func(context, *args, **kwargs)\n  File \"features\\steps\\SWMAutomatePolicies.py\", line 56, in step_impl\n    sa.click_target_testprogram(context)\n  File \"N:\\Hafiz_Shahbaz_Data\\yieldWerx_Automation_1.0\\Pages\\SWMAutomatePolicyWindowPage.py\", line 101, in click_target_testprogram\n    context.driver.find_element(By.XPATH, self.target_test_program_xpath).click()\n    ^^^^^^^^^^^^^^^^^^^^^^^^^^^^^^^^^^^^^^^^^^^^^^^^^^^^^^^^^^^^^^^^^^^^^\n  File \"\\\\FILESERVER2\\Fileserver2$\\shahbaz.hanif\\Hafiz_Shahbaz_Data\\yieldWerx_Automation_1.0\\venv\\Lib\\site-packages\\selenium\\webdriver\\remote\\webdriver.py\", line 748, in find_element\n    return self.execute(Command.FIND_ELEMENT, {\"using\": by, \"value\": value})[\"value\"]\n           ^^^^^^^^^^^^^^^^^^^^^^^^^^^^^^^^^^^^^^^^^^^^^^^^^^^^^^^^^^^^^^^^^\n  File \"\\\\FILESERVER2\\Fileserver2$\\shahbaz.hanif\\Hafiz_Shahbaz_Data\\yieldWerx_Automation_1.0\\venv\\Lib\\site-packages\\selenium\\webdriver\\remote\\webdriver.py\", line 354, in execute\n    self.error_handler.check_response(response)\n  File \"\\\\FILESERVER2\\Fileserver2$\\shahbaz.hanif\\Hafiz_Shahbaz_Data\\yieldWerx_Automation_1.0\\venv\\Lib\\site-packages\\selenium\\webdriver\\remote\\errorhandler.py\", line 229, in check_response\n    raise exception_class(message, screen, stacktrace)\n"}, "attachments": [{"name": "failed_screenshot", "source": "819d9890-8b60-4cc2-a614-f04b82308bc1-attachment.png", "type": "image/png"}], "start": 1719832836752, "stop": 1719832837328}, {"name": "Given The user is successfully logged in the yieldWerx web application", "status": "passed", "start": 1719832837358, "stop": 1719832837358}, {"name": "When Click on \"SWM\" in the left menu bar", "status": "passed", "start": 1719832837358, "stop": 1719832837358}, {"name": "When Click \"Automate SWM Policies\" and new window will open", "status": "passed", "start": 1719832837358, "stop": 1719832837358}, {"name": "When Click on \"Automate SWM Policy\" and Create Automate SWM Policy window will open", "status": "passed", "start": 1719832837358, "stop": 1719832837358}, {"name": "When Select Source Facility as \"WEB SMALL DATASET\", Source Work Center as \"WAFER SORT\"", "status": "passed", "start": 1719832837358, "stop": 1719832837358}, {"name": "When Select Source Device as \"4670\", Source Test Program as \"PREBAKE_A_4670\"", "status": "passed", "start": 1719832837358, "stop": 1719832837358}, {"name": "When Select the Target Facility as \"WEB SMALL DATASET\", Target Work Center as \"WAFER SORT\"", "status": "passed", "start": 1719832837358, "stop": 1719832837358}, {"name": "When Select Target Device as \"4670\", Target Test Program as \"POSTBAKE_A_4670\"", "status": "broken", "statusDetails": {"message": "selenium.common.exceptions.NoSuchElementException: Message: no such element: Unable to locate element: {\"method\":\"xpath\",\"selector\":\"(//option[@value='POSTBAKE_A_4670'][normalize-space()='POSTBAKE_A_4670'])[2]\"}\n  (Session info: chrome=126.0.6478.127); For documentation on this error, please visit: https://www.selenium.dev/documentation/webdriver/troubleshooting/errors#no-such-element-exception\nStacktrace:\n\tGetHandleVerifier [0x00007FF64EFDEEA2+31554]\n\t(No symbol) [0x00007FF64EF57ED9]\n\t(No symbol) [0x00007FF64EE1872A]\n\t(No symbol) [0x00007FF64EE68434]\n\t(No symbol) [0x00007FF64EE6853C]\n\t(No symbol) [0x00007FF64EEAF6A7]\n\t(No symbol) [0x00007FF64EE8D06F]\n\t(No symbol) [0x00007FF64EEAC977]\n\t(No symbol) [0x00007FF64EE8CDD3]\n\t(No symbol) [0x00007FF64EE5A33B]\n\t(No symbol) [0x00007FF64EE5AED1]\n\tGetHandleVerifier [0x00007FF64F2E8B1D+3217341]\n\tGetHandleVerifier [0x00007FF64F335AE3+3532675]\n\tGetHandleVerifier [0x00007FF64F32B0E0+3489152]\n\tGetHandleVerifier [0x00007FF64F08E776+750614]\n\t(No symbol) [0x00007FF64EF6375F]\n\t(No symbol) [0x00007FF64EF5EB14]\n\t(No symbol) [0x00007FF64EF5ECA2]\n\t(No symbol) [0x00007FF64EF4E16F]\n\tBaseThreadInitThunk [0x00007FFEF91F257D+29]\n\tRtlUserThreadStart [0x00007FFEFA90AF28+40]\n\n", "trace": "  File \"\\\\FILESERVER2\\Fileserver2$\\shahbaz.hanif\\Hafiz_Shahbaz_Data\\yieldWerx_Automation_1.0\\venv\\Lib\\site-packages\\behave\\model.py\", line 1329, in run\n    match.run(runner.context)\n  File \"\\\\FILESERVER2\\Fileserver2$\\shahbaz.hanif\\Hafiz_Shahbaz_Data\\yieldWerx_Automation_1.0\\venv\\Lib\\site-packages\\behave\\matchers.py\", line 98, in run\n    self.func(context, *args, **kwargs)\n  File \"features\\steps\\SWMAutomatePolicies.py\", line 56, in step_impl\n    sa.click_target_testprogram(context)\n  File \"N:\\Hafiz_Shahbaz_Data\\yieldWerx_Automation_1.0\\Pages\\SWMAutomatePolicyWindowPage.py\", line 101, in click_target_testprogram\n    context.driver.find_element(By.XPATH, self.target_test_program_xpath).click()\n    ^^^^^^^^^^^^^^^^^^^^^^^^^^^^^^^^^^^^^^^^^^^^^^^^^^^^^^^^^^^^^^^^^^^^^\n  File \"\\\\FILESERVER2\\Fileserver2$\\shahbaz.hanif\\Hafiz_Shahbaz_Data\\yieldWerx_Automation_1.0\\venv\\Lib\\site-packages\\selenium\\webdriver\\remote\\webdriver.py\", line 748, in find_element\n    return self.execute(Command.FIND_ELEMENT, {\"using\": by, \"value\": value})[\"value\"]\n           ^^^^^^^^^^^^^^^^^^^^^^^^^^^^^^^^^^^^^^^^^^^^^^^^^^^^^^^^^^^^^^^^^\n  File \"\\\\FILESERVER2\\Fileserver2$\\shahbaz.hanif\\Hafiz_Shahbaz_Data\\yieldWerx_Automation_1.0\\venv\\Lib\\site-packages\\selenium\\webdriver\\remote\\webdriver.py\", line 354, in execute\n    self.error_handler.check_response(response)\n  File \"\\\\FILESERVER2\\Fileserver2$\\shahbaz.hanif\\Hafiz_Shahbaz_Data\\yieldWerx_Automation_1.0\\venv\\Lib\\site-packages\\selenium\\webdriver\\remote\\errorhandler.py\", line 229, in check_response\n    raise exception_class(message, screen, stacktrace)\n"}, "start": 1719832837358, "stop": 1719832837379}, {"name": "When Select policy from Policies as \"4670 Test Program\" section and click on \"Save\" button", "status": "skipped", "start": 1719832837379, "stop": 1719832837379}, {"name": "When SWM Policy has been created and displayed in \"Automate SWM Policies\" window", "status": "skipped", "start": 1719832837379, "stop": 1719832837379}, {"name": "When Enable check box available infront of each created Automate SWM Policy in Automate SWM Policies window to automate the policy", "status": "skipped", "start": 1719832837379, "stop": 1719832837379}, {"name": "Then Verify that the policy will be automated with success message", "status": "skipped", "start": 1719832837379, "stop": 1719832837379}], "parameters": [{"name": "Source Facility", "value": "WEB SMALL DATASET"}, {"name": "Source Work Center", "value": "WAFER SORT"}, {"name": "Source Device", "value": "4670"}, {"name": "Source Test Program", "value": "PREBAKE_A_4670"}, {"name": "Target Facility", "value": "WEB SMALL DATASET"}, {"name": "Target Work Center", "value": "WAFER SORT"}, {"name": "Target Device", "value": "4670"}, {"name": "Target Test Program", "value": "POSTBAKE_A_4670"}, {"name": "Policies", "value": "4670 Test Program"}, {"name": "Expected Chart", "value": "WSDS_4670_PREBAKE_A_4670_WSDS_4670_POSTBAKE_A_4670_4670 Test Program_WM_C_Chart.jpg"}, {"name": "Expected Legend", "value": "WSDS_4670_PREBAKE_A_4670_WSDS_4670_POSTBAKE_A_4670_4670 Test Program_WM_C_Legend.jpg"}], "start": 1719832737283, "stop": 1719832837379, "uuid": "0f064419-9cc2-4ba9-8f48-50c75849fb69", "historyId": "730fbb536c5b3d0302be2998607d3234", "fullName": "Automate SWM Policies: YWPD-TC-336 - Verify that the user is able to automate SWM Policies successfully with web small", "labels": [{"name": "severity", "value": "normal"}, {"name": "tag", "value": "YWPD-TC-336"}, {"name": "tag", "value": "retry"}, {"name": "feature", "value": "Automate SWM Policies"}, {"name": "framework", "value": "behave"}, {"name": "language", "value": "cpython3"}]}